[22:06:26] [main/WARN]: Ambiguity between arguments [teleport, destination] and [teleport, targets] with inputs: [Player, 0123, @e, dd12be42-52a9-4a91-a8a1-11c01849e498]
[22:06:26] [main/WARN]: Ambiguity between arguments [teleport, location] and [teleport, destination] with inputs: [0.1 -0.5 .9, 0 0 0]
[22:06:26] [main/WARN]: Ambiguity between arguments [teleport, location] and [teleport, targets] with inputs: [0.1 -0.5 .9, 0 0 0]
[22:06:26] [main/WARN]: Ambiguity between arguments [teleport, targets] and [teleport, destination] with inputs: [Player, 0123, dd12be42-52a9-4a91-a8a1-11c01849e498]
[22:06:26] [main/WARN]: Ambiguity between arguments [teleport, targets, location] and [teleport, targets, destination] with inputs: [0.1 -0.5 .9, 0 0 0]
[22:06:37] [Server thread/INFO]: Starting minecraft server version 1.15.2
[22:06:37] [Server thread/INFO]: Loading properties
[22:06:37] [Server thread/INFO]: Default game type: SURVIVAL
[22:06:37] [Server thread/INFO]: Generating keypair
[22:06:37] [Server console handler/ERROR]: Exception handling console input
java.io.IOException: The handle is invalid
	at java.io.FileInputStream.readBytes(Native Method) ~[?:1.8.0_251]
	at java.io.FileInputStream.read(Unknown Source) ~[?:1.8.0_251]
	at java.io.BufferedInputStream.read1(Unknown Source) ~[?:1.8.0_251]
	at java.io.BufferedInputStream.read(Unknown Source) ~[?:1.8.0_251]
	at sun.nio.cs.StreamDecoder.readBytes(Unknown Source) ~[?:1.8.0_251]
	at sun.nio.cs.StreamDecoder.implRead(Unknown Source) ~[?:1.8.0_251]
	at sun.nio.cs.StreamDecoder.read(Unknown Source) ~[?:1.8.0_251]
	at java.io.InputStreamReader.read(Unknown Source) ~[?:1.8.0_251]
	at java.io.BufferedReader.fill(Unknown Source) ~[?:1.8.0_251]
	at java.io.BufferedReader.readLine(Unknown Source) ~[?:1.8.0_251]
	at java.io.BufferedReader.readLine(Unknown Source) ~[?:1.8.0_251]
	at wd$2.run(SourceFile:110) [server.jar:?]
[22:06:38] [Server thread/INFO]: Starting Minecraft server on *:25565
[22:06:38] [Server thread/INFO]: Using default channel type
[22:06:39] [Server thread/INFO]: Preparing level "world"
[22:06:40] [Server thread/INFO]: Found new data pack vanilla, loading it automatically
[22:06:40] [Server thread/INFO]: Reloading ResourceManager: Default
[22:06:42] [Server thread/INFO]: Loaded 6 recipes
[22:06:43] [Server thread/INFO]: Loaded 825 advancements
[22:07:25] [Server thread/INFO]: Preparing start region for dimension minecraft:overworld
[22:07:25] [Server-Worker-1/INFO]: Preparing spawn area: 0%
[22:07:25] [Server-Worker-1/INFO]: Preparing spawn area: 0%
[22:07:26] [Server-Worker-1/INFO]: Preparing spawn area: 0%
[22:07:26] [Server-Worker-1/INFO]: Preparing spawn area: 0%
[22:07:27] [Server-Worker-1/INFO]: Preparing spawn area: 0%
[22:07:27] [Server-Worker-1/INFO]: Preparing spawn area: 0%
[22:07:28] [Server-Worker-1/INFO]: Preparing spawn area: 0%
[22:07:29] [Server-Worker-1/INFO]: Preparing spawn area: 0%
[22:07:29] [Server-Worker-1/INFO]: Preparing spawn area: 0%
[22:07:29] [Server-Worker-1/INFO]: Preparing spawn area: 2%
[22:07:30] [Server-Worker-1/INFO]: Preparing spawn area: 2%
[22:07:30] [Server-Worker-1/INFO]: Preparing spawn area: 3%
[22:07:31] [Server-Worker-1/INFO]: Preparing spawn area: 3%
[22:07:31] [Server-Worker-1/INFO]: Preparing spawn area: 5%
[22:07:32] [Server-Worker-1/INFO]: Preparing spawn area: 5%
[22:07:32] [Server-Worker-1/INFO]: Preparing spawn area: 8%
[22:07:33] [Server-Worker-1/INFO]: Preparing spawn area: 9%
[22:07:33] [Server-Worker-1/INFO]: Preparing spawn area: 9%
[22:07:34] [Server-Worker-1/INFO]: Preparing spawn area: 10%
[22:07:35] [Server-Worker-1/INFO]: Preparing spawn area: 10%
[22:07:35] [Server-Worker-1/INFO]: Preparing spawn area: 10%
[22:07:35] [Server-Worker-1/INFO]: Preparing spawn area: 15%
[22:07:36] [Server-Worker-1/INFO]: Preparing spawn area: 15%
[22:07:36] [Server-Worker-1/INFO]: Preparing spawn area: 16%
[22:07:37] [Server-Worker-1/INFO]: Preparing spawn area: 17%
[22:07:37] [Server-Worker-1/INFO]: Preparing spawn area: 17%
[22:07:38] [Server-Worker-1/INFO]: Preparing spawn area: 18%
[22:07:38] [Server-Worker-1/INFO]: Preparing spawn area: 20%
[22:07:39] [Server-Worker-1/INFO]: Preparing spawn area: 22%
[22:07:39] [Server-Worker-1/INFO]: Preparing spawn area: 22%
[22:07:40] [Server-Worker-1/INFO]: Preparing spawn area: 23%
[22:07:40] [Server-Worker-1/INFO]: Preparing spawn area: 27%
[22:07:41] [Server-Worker-1/INFO]: Preparing spawn area: 28%
[22:07:41] [Server-Worker-1/INFO]: Preparing spawn area: 28%
[22:07:42] [Server-Worker-1/INFO]: Preparing spawn area: 29%
[22:07:42] [Server-Worker-1/INFO]: Preparing spawn area: 31%
[22:07:43] [Server-Worker-1/INFO]: Preparing spawn area: 31%
[22:07:43] [Server-Worker-1/INFO]: Preparing spawn area: 34%
[22:07:44] [Server-Worker-1/INFO]: Preparing spawn area: 34%
[22:07:44] [Server-Worker-1/INFO]: Preparing spawn area: 35%
[22:07:45] [Server-Worker-1/INFO]: Preparing spawn area: 39%
[22:07:45] [Server-Worker-1/INFO]: Preparing spawn area: 40%
[22:07:46] [Server-Worker-1/INFO]: Preparing spawn area: 42%
[22:07:46] [Server-Worker-1/INFO]: Preparing spawn area: 42%
[22:07:47] [Server-Worker-1/INFO]: Preparing spawn area: 43%
[22:07:47] [Server-Worker-1/INFO]: Preparing spawn area: 44%
[22:07:48] [Server-Worker-1/INFO]: Preparing spawn area: 45%
[22:07:48] [Server-Worker-1/INFO]: Preparing spawn area: 51%
[22:07:49] [Server-Worker-1/INFO]: Preparing spawn area: 52%
[22:07:49] [Server-Worker-1/INFO]: Preparing spawn area: 54%
[22:07:50] [Server-Worker-1/INFO]: Preparing spawn area: 54%
[22:07:50] [Server-Worker-1/INFO]: Preparing spawn area: 55%
[22:07:51] [Server-Worker-1/INFO]: Preparing spawn area: 58%
[22:07:51] [Server-Worker-1/INFO]: Preparing spawn area: 59%
[22:07:52] [Server-Worker-1/INFO]: Preparing spawn area: 59%
[22:07:52] [Server-Worker-1/INFO]: Preparing spawn area: 62%
[22:07:53] [Server-Worker-1/INFO]: Preparing spawn area: 62%
[22:07:53] [Server-Worker-1/INFO]: Preparing spawn area: 63%
[22:07:54] [Server-Worker-1/INFO]: Preparing spawn area: 68%
[22:07:54] [Server-Worker-1/INFO]: Preparing spawn area: 68%
[22:07:55] [Server-Worker-1/INFO]: Preparing spawn area: 68%
[22:07:55] [Server-Worker-1/INFO]: Preparing spawn area: 68%
[22:07:56] [Server-Worker-1/INFO]: Preparing spawn area: 68%
[22:07:56] [Server-Worker-1/INFO]: Preparing spawn area: 68%
[22:07:57] [Server-Worker-1/INFO]: Preparing spawn area: 72%
[22:07:58] [Server-Worker-1/INFO]: Preparing spawn area: 72%
[22:07:58] [Server-Worker-1/INFO]: Preparing spawn area: 72%
[22:07:58] [Server-Worker-1/INFO]: Preparing spawn area: 74%
[22:07:59] [Server-Worker-1/INFO]: Preparing spawn area: 75%
[22:08:00] [Server-Worker-1/INFO]: Preparing spawn area: 75%
[22:08:00] [Server-Worker-1/INFO]: Preparing spawn area: 75%
[22:08:00] [Server-Worker-1/INFO]: Preparing spawn area: 75%
[22:08:01] [Server-Worker-1/INFO]: Preparing spawn area: 75%
[22:08:01] [Server-Worker-1/INFO]: Preparing spawn area: 79%
[22:08:02] [Server-Worker-1/INFO]: Preparing spawn area: 79%
[22:08:02] [Server-Worker-1/INFO]: Preparing spawn area: 79%
[22:08:03] [Server-Worker-1/INFO]: Preparing spawn area: 83%
[22:08:03] [Server-Worker-1/INFO]: Preparing spawn area: 83%
[22:08:04] [Server-Worker-1/INFO]: Preparing spawn area: 84%
[22:08:04] [Server-Worker-1/INFO]: Preparing spawn area: 85%
[22:08:05] [Server-Worker-1/INFO]: Preparing spawn area: 85%
[22:08:05] [Server-Worker-1/INFO]: Preparing spawn area: 88%
[22:08:06] [Server-Worker-1/INFO]: Preparing spawn area: 88%
[22:08:06] [Server-Worker-1/INFO]: Preparing spawn area: 89%
[22:08:07] [Server-Worker-1/INFO]: Preparing spawn area: 90%
[22:08:07] [Server-Worker-1/INFO]: Preparing spawn area: 91%
[22:08:08] [Server-Worker-1/INFO]: Preparing spawn area: 92%
[22:08:08] [Server-Worker-1/INFO]: Preparing spawn area: 93%
[22:08:09] [Server-Worker-1/INFO]: Preparing spawn area: 95%
[22:08:09] [Server-Worker-1/INFO]: Preparing spawn area: 95%
[22:08:09] [Server thread/INFO]: Time elapsed: 44947 ms
[22:08:10] [Server thread/INFO]: Done (90.003s)! For help, type "help"
[22:08:10] [Server thread/INFO]: Stopping server
[22:08:10] [Server thread/INFO]: Saving players
[22:08:10] [Server thread/INFO]: Saving worlds
[22:08:10] [Server thread/INFO]: Saving chunks for level 'world'/minecraft:the_end
[22:08:10] [Server thread/INFO]: ThreadedAnvilChunkStorage (DIM1): All chunks are saved
[22:08:10] [Server thread/INFO]: Saving chunks for level 'world'/minecraft:the_nether
[22:08:10] [Server thread/INFO]: ThreadedAnvilChunkStorage (DIM-1): All chunks are saved
[22:08:10] [Server thread/INFO]: Saving chunks for level 'world'/minecraft:overworld
[22:08:13] [Server thread/INFO]: ThreadedAnvilChunkStorage (world): All chunks are saved
[22:08:13] [Server thread/INFO]: ThreadedAnvilChunkStorage (DIM1): All chunks are saved
[22:08:13] [Server thread/INFO]: ThreadedAnvilChunkStorage (DIM-1): All chunks are saved
[22:08:13] [Server thread/INFO]: ThreadedAnvilChunkStorage (world): All chunks are saved
